<?xml version="1.0" encoding="UTF-8"?>
<testsuite xmlns:xsi="http://www.w3.org/2001/XMLSchema-instance" xsi:noNamespaceSchemaLocation="https://maven.apache.org/surefire/maven-surefire-plugin/xsd/surefire-test-report.xsd" name="com.fc.AssertTest" time="4.029" tests="8" errors="0" skipped="0" failures="2">
  <properties>
[...]
</properties>
  <testcase name="testAssertTimeout" classname="com.fc.AssertTest" time="4.008">
    <failure message="太慢了 ==&gt; execution exceeded timeout of 3000 ms by 1007 ms" type="org.opentest4j.AssertionFailedError">org.opentest4j.AssertionFailedError: 太慢了 ==> execution exceeded timeout of 3000 ms by 1007 ms
	at com.fc.AssertTest.testAssertTimeout(AssertTest.java:73)
</failure>
    <system-out><![CDATA[2022-04-28 15:10:24.238  INFO 48892 --- [           main] .b.t.c.SpringBootTestContextBootstrapper : Neither @ContextConfiguration nor @ContextHierarchy found for test class [com.fc.AssertTest], using SpringBootContextLoader
2022-04-28 15:10:24.238  INFO 48892 --- [           main] o.s.t.c.support.AbstractContextLoader    : Could not detect default resource locations for test class [com.fc.AssertTest]: no resource found for suffixes {-context.xml, Context.groovy}.
2022-04-28 15:10:24.238  INFO 48892 --- [           main] t.c.s.AnnotationConfigContextLoaderUtils : Could not detect default configuration classes for test class [com.fc.AssertTest]: AssertTest does not declare any static, non-private, non-final, nested classes annotated with @Configuration.
2022-04-28 15:10:24.239  INFO 48892 --- [           main] .b.t.c.SpringBootTestContextBootstrapper : Found @SpringBootConfiguration com.fc.Application for test class com.fc.AssertTest
2022-04-28 15:10:24.241  INFO 48892 --- [           main] .b.t.c.SpringBootTestContextBootstrapper : Loaded default TestExecutionListener class names from location [META-INF/spring.factories]: [org.springframework.boot.test.mock.mockito.MockitoTestExecutionListener, org.springframework.boot.test.mock.mockito.ResetMocksTestExecutionListener, org.springframework.boot.test.autoconfigure.restdocs.RestDocsTestExecutionListener, org.springframework.boot.test.autoconfigure.web.client.MockRestServiceServerResetTestExecutionListener, org.springframework.boot.test.autoconfigure.web.servlet.MockMvcPrintOnlyOnFailureTestExecutionListener, org.springframework.boot.test.autoconfigure.web.servlet.WebDriverTestExecutionListener, org.springframework.boot.test.autoconfigure.webservices.client.MockWebServiceServerTestExecutionListener, org.springframework.test.context.web.ServletTestExecutionListener, org.springframework.test.context.support.DirtiesContextBeforeModesTestExecutionListener, org.springframework.test.context.event.ApplicationEventsTestExecutionListener, org.springframework.test.context.support.DependencyInjectionTestExecutionListener, org.springframework.test.context.support.DirtiesContextTestExecutionListener, org.springframework.test.context.transaction.TransactionalTestExecutionListener, org.springframework.test.context.jdbc.SqlScriptsTestExecutionListener, org.springframework.test.context.event.EventPublishingTestExecutionListener]
2022-04-28 15:10:24.242  INFO 48892 --- [           main] .b.t.c.SpringBootTestContextBootstrapper : Using TestExecutionListeners: [org.springframework.test.context.web.ServletTestExecutionListener@35cd68d4, org.springframework.test.context.support.DirtiesContextBeforeModesTestExecutionListener@316a598d, org.springframework.test.context.event.ApplicationEventsTestExecutionListener@216914, org.springframework.boot.test.mock.mockito.MockitoTestExecutionListener@6ba30587, org.springframework.boot.test.autoconfigure.SpringBootDependencyInjectionTestExecutionListener@35764bef, org.springframework.test.context.support.DirtiesContextTestExecutionListener@5633dafd, org.springframework.test.context.event.EventPublishingTestExecutionListener@5d5160e6, org.springframework.boot.test.mock.mockito.ResetMocksTestExecutionListener@2eadc9f6, org.springframework.boot.test.autoconfigure.restdocs.RestDocsTestExecutionListener@2903c6ff, org.springframework.boot.test.autoconfigure.web.client.MockRestServiceServerResetTestExecutionListener@61af1510, org.springframework.boot.test.autoconfigure.web.servlet.MockMvcPrintOnlyOnFailureTestExecutionListener@37af1f93, org.springframework.boot.test.autoconfigure.web.servlet.WebDriverTestExecutionListener@778d82e9, org.springframework.boot.test.autoconfigure.webservices.client.MockWebServiceServerTestExecutionListener@408e96d9]
]]></system-out>
  </testcase>
  <testcase name="testFail" classname="com.fc.AssertTest" time="0.002">
    <failure message="失败了" type="org.opentest4j.AssertionFailedError">org.opentest4j.AssertionFailedError: 失败了
	at com.fc.AssertTest.testFail(AssertTest.java:83)
</failure>
  </testcase>
  <testcase name="testAssertArrayTrue" classname="com.fc.AssertTest" time="0.002"/>
  <testcase name="testAssertEquals" classname="com.fc.AssertTest" time="0.002"/>
  <testcase name="testAssertThrows" classname="com.fc.AssertTest" time="0.003"/>
  <testcase name="testAssertSame" classname="com.fc.AssertTest" time="0.002"/>
  <testcase name="testAssertTrue" classname="com.fc.AssertTest" time="0.002"/>
  <testcase name="testAssertAll" classname="com.fc.AssertTest" time="0.003"/>
</testsuite>